<?xml version="1.0" encoding="UTF-8"?>
<!-- Generated by org.testng.reporters.JUnitReportReporter -->
<testsuite skipped="0" hostname="Gateway-PC" name="MyRunner.TestRunner" tests="1" failures="0" timestamp="06 Feb 2020 06:20:17 GMT" time="0.077" errors="0">
  <testcase name="feature" time="0.077" classname="MyRunner.TestRunner"/>
</testsuite> <!-- MyRunner.TestRunner -->
